<?xml version="1.0" encoding="UTF-8"?>
<!-- Generated by org.testng.reporters.JUnitReportReporter -->
<testsuite hostname="Vireshs-MacBook-Air.local" failures="0" tests="1" name="script.DemoTest2" time="4.766" errors="0" timestamp="2024-12-02T20:16:22 CET" skipped="0">
  <testcase classname="script.DemoTest2" name="testDemo2" time="4.766">
    <system-out>
      <![CDATA[Google]]>
    </system-out>
  </testcase> <!-- testDemo2 -->
  <system-out>
    <![CDATA[Google
Google]]>
  </system-out>
</testsuite> <!-- script.DemoTest2 -->
