<?xml version="1.0" encoding="UTF-8"?>
<!-- Generated by org.testng.reporters.JUnitReportReporter -->
<testsuite hostname="Vireshs-MacBook-Air.local" failures="0" tests="1" name="script.DemoTest" time="8.843" errors="0" timestamp="2024-12-02T20:16:22 CET" skipped="0">
  <testcase classname="script.DemoTest" name="testDemo" time="8.843">
    <system-out>
      <![CDATA[Google]]>
    </system-out>
  </testcase> <!-- testDemo -->
  <system-out>
    <![CDATA[Google
Google]]>
  </system-out>
</testsuite> <!-- script.DemoTest -->
